lp-push-server-852.lastpass.com	/ws/
download.api.bsb.baidu.com	/v2/
xz.aliyun.com	/t/
g.alicdn.com	/sd/ncpc/
xz.aliyun.com	/static/editor.md/lib/
xz.aliyun.com	/static/plugins/modal/
xz.aliyun.com	/static/plugins/fancybox/
xz.aliyun.com	/static/plugins/toc/
xz.aliyun.com	/static/js/
xz.aliyun.com	/static/editor.md/
xz.aliyun.com	/static/icon/
g.alicdn.com	/AWSC/AWSC/
g.alicdn.com	/security/umscript/3.3.35/
cf.aliyun.com	/nocaptcha/
xz.aliyun.com	/static/editor.md/lib/codemirror/
g.alicdn.com	/AWSC/uab/
ynuf.aliapp.org	/service/
safebrowsing.googleapis.com	/v4/
lp-push-server-852.lastpass.com	/ws/
download.api.bsb.baidu.com	/v2/
xz.aliyun.com	/t/
g.alicdn.com	/sd/ncpc/
xz.aliyun.com	/static/editor.md/lib/
xz.aliyun.com	/static/plugins/modal/
xz.aliyun.com	/static/plugins/fancybox/
xz.aliyun.com	/static/plugins/toc/
xz.aliyun.com	/static/js/
xz.aliyun.com	/static/editor.md/
xz.aliyun.com	/static/icon/
g.alicdn.com	/AWSC/AWSC/
g.alicdn.com	/security/umscript/3.3.35/
cf.aliyun.com	/nocaptcha/
xz.aliyun.com	/static/editor.md/lib/codemirror/
g.alicdn.com	/AWSC/uab/
ynuf.aliapp.org	/service/
safebrowsing.googleapis.com	/v4/
lp-push-server-852.lastpass.com	/ws/
download.api.bsb.baidu.com	/v2/
xz.aliyun.com	/t/
g.alicdn.com	/sd/ncpc/
xz.aliyun.com	/static/editor.md/lib/
xz.aliyun.com	/static/plugins/modal/
xz.aliyun.com	/static/plugins/fancybox/
xz.aliyun.com	/static/plugins/toc/
xz.aliyun.com	/static/js/
xz.aliyun.com	/static/editor.md/
xz.aliyun.com	/static/icon/
g.alicdn.com	/AWSC/AWSC/
g.alicdn.com	/security/umscript/3.3.35/
cf.aliyun.com	/nocaptcha/
xz.aliyun.com	/static/editor.md/lib/codemirror/
g.alicdn.com	/AWSC/uab/
ynuf.aliapp.org	/service/
safebrowsing.googleapis.com	/v4/
