lp-push-server-852.lastpass.com	/ws/
download.api.bsb.baidu.com	/v2/
xz.aliyun.com	/t/
g.alicdn.com	/sd/ncpc/
xz.aliyun.com	/static/editor.md/lib/
xz.aliyun.com	/static/plugins/modal/
xz.aliyun.com	/static/plugins/fancybox/
xz.aliyun.com	/static/plugins/toc/
xz.aliyun.com	/static/js/
xz.aliyun.com	/static/editor.md/
xz.aliyun.com	/static/icon/
g.alicdn.com	/AWSC/AWSC/
g.alicdn.com	/security/umscript/3.3.35/
cf.aliyun.com	/nocaptcha/
xz.aliyun.com	/static/editor.md/lib/codemirror/
g.alicdn.com	/AWSC/uab/
ynuf.aliapp.org	/service/
safebrowsing.googleapis.com	/v4/
sp0.baidu.com	/5a1Fazu8AA54nxGko9WTAnF6hhy/
www.baidu.com	/home/msg/data/
sp3.baidu.com	/-0U_dTmfKgQFm2e88IuM_a/
ss0.baidu.com	/73F1bjeh1BF3odCf/it/
sp2.baidu.com	/8LUYsjW91Qh3otqbppnN2DJv/
blog.csdn.net	/zhangmiaoping23/article/details/
csdnimg.cn	/public/common/libs/jquery/
csdnimg.cn	/rabbit/exposure-click/
g.csdnimg.cn	/fixed-sidebar/1.1.3/
g.csdnimg.cn	/track/1.2.4/
csdnimg.cn	/public/common/toolbar/js/
csdnimg.cn	/public/common/indexSuperise/1.0.3/
g.csdnimg.cn	/copyright/1.0.3/
g.csdnimg.cn	/baidu-search/1.0.0/
shared.ydstatic.com	/js/yatdk/3.0.1/
gh.bdstatic.com	/static/gh/js/sdk/
csdnimg.cn	/pubfooter/js/
csdnimg.cn	/release/phoenix/vendor/pagination/
csdnimg.cn	/public/sandalstrap/1.4/js/
csdnimg.cn	/public/common/gotop/js/
g.csdnimg.cn	/notification/1.3.6/
csdnimg.cn	/release/blog_editor_html/release1.3.8/ckeditor/plugins/chart/lib/
csdnimg.cn	/release/blog_editor_html/release1.3.8/ckeditor/plugins/chart/
csdnimg.cn	/release/phoenix/production/
csdnimg.cn	/release/phoenix/template/js/
csdnimg.cn	/release/phoenix/themes/skin-yellow/
csdnimg.cn	/release/blog_mathjax/
csdnimg.cn	/cdn/content-toolbar/
msg.csdn.net	/v1/chrome/notification/
gw.csdn.net	/cui-service/v1/browse_info/
shared.ydstatic.com	/js/yadk/
csdnimg.cn	/static/api/js/
gsp0.baidu.com	/yrwHcjSl0MgCo2Kml5_Y_D3/api/customsearch/
csdnimg.cn	/release/blog_mathjax/config/
entry.baidu.com	/rp/
csdnimg.cn	/public/
csdnimg.cn	/search/
csdnimg.cn	/static/api/js/share/
csdnimg.cn	/static/api/js/view/
my.csdn.net	/index.php/follow/check_is_followed//
csdnimg.cn	/static/api/js/base/
zhannei-dm.csdn.net	/recommend/
csdnimg.cn	/static/api/js/component/
csdnimg.cn	/static/api/js/trans/
lp-push-server-852.lastpass.com	/ws/
download.api.bsb.baidu.com	/v2/
xz.aliyun.com	/t/
g.alicdn.com	/sd/ncpc/
xz.aliyun.com	/static/editor.md/lib/
xz.aliyun.com	/static/plugins/modal/
xz.aliyun.com	/static/plugins/fancybox/
xz.aliyun.com	/static/plugins/toc/
xz.aliyun.com	/static/js/
xz.aliyun.com	/static/editor.md/
xz.aliyun.com	/static/icon/
g.alicdn.com	/AWSC/AWSC/
g.alicdn.com	/security/umscript/3.3.35/
cf.aliyun.com	/nocaptcha/
xz.aliyun.com	/static/editor.md/lib/codemirror/
g.alicdn.com	/AWSC/uab/
ynuf.aliapp.org	/service/
safebrowsing.googleapis.com	/v4/
sp0.baidu.com	/5a1Fazu8AA54nxGko9WTAnF6hhy/
www.baidu.com	/home/msg/data/
sp3.baidu.com	/-0U_dTmfKgQFm2e88IuM_a/
ss0.baidu.com	/73F1bjeh1BF3odCf/it/
sp2.baidu.com	/8LUYsjW91Qh3otqbppnN2DJv/
blog.csdn.net	/zhangmiaoping23/article/details/
csdnimg.cn	/public/common/libs/jquery/
csdnimg.cn	/rabbit/exposure-click/
g.csdnimg.cn	/fixed-sidebar/1.1.3/
g.csdnimg.cn	/track/1.2.4/
csdnimg.cn	/public/common/toolbar/js/
csdnimg.cn	/public/common/indexSuperise/1.0.3/
g.csdnimg.cn	/copyright/1.0.3/
g.csdnimg.cn	/baidu-search/1.0.0/
shared.ydstatic.com	/js/yatdk/3.0.1/
gh.bdstatic.com	/static/gh/js/sdk/
csdnimg.cn	/pubfooter/js/
csdnimg.cn	/release/phoenix/vendor/pagination/
csdnimg.cn	/public/sandalstrap/1.4/js/
csdnimg.cn	/public/common/gotop/js/
g.csdnimg.cn	/notification/1.3.6/
csdnimg.cn	/release/blog_editor_html/release1.3.8/ckeditor/plugins/chart/lib/
csdnimg.cn	/release/blog_editor_html/release1.3.8/ckeditor/plugins/chart/
csdnimg.cn	/release/phoenix/production/
csdnimg.cn	/release/phoenix/template/js/
csdnimg.cn	/release/phoenix/themes/skin-yellow/
csdnimg.cn	/release/blog_mathjax/
csdnimg.cn	/cdn/content-toolbar/
msg.csdn.net	/v1/chrome/notification/
gw.csdn.net	/cui-service/v1/browse_info/
shared.ydstatic.com	/js/yadk/
csdnimg.cn	/static/api/js/
gsp0.baidu.com	/yrwHcjSl0MgCo2Kml5_Y_D3/api/customsearch/
csdnimg.cn	/release/blog_mathjax/config/
entry.baidu.com	/rp/
csdnimg.cn	/public/
csdnimg.cn	/search/
csdnimg.cn	/static/api/js/share/
csdnimg.cn	/static/api/js/view/
my.csdn.net	/index.php/follow/check_is_followed//
csdnimg.cn	/static/api/js/base/
zhannei-dm.csdn.net	/recommend/
csdnimg.cn	/static/api/js/component/
csdnimg.cn	/static/api/js/trans/
