lp-push-server-852.lastpass.com	/ws/
safebrowsing.googleapis.com	/v4/
download.api.bsb.baidu.com	/v2/
aus5.mozilla.org	/update/6/Firefox/65.0.1/20190211233335/Darwin_x86_64-gcc3/zh-CN/release-cck-mainOther-mozillaonline/Darwin%2018.2.0/ISET:SSE4_2,MEM:8192/MozillaOnline/2018.9/
incoming.telemetry.mozilla.org	/submit/telemetry/caf0548a-1aa5-8640-93f6-cc9ed48f8af5/main/Firefox/65.0.1/release/
services.addons.mozilla.org	/api/v3/addons/compat-override/
services.addons.mozilla.org	/api/v3/addons/search/
versioncheck-bg.addons.mozilla.org	/update/
aus5.mozilla.org	/update/3/GMP/65.0.1/20190211233335/Darwin_x86_64-gcc3/zh-CN/release-cck-mainOther-mozillaonline/Darwin%2018.2.0/MozillaOnline/2018.9/
aus5.mozilla.org	/update/3/SystemAddons/65.0.1/20190211233335/Darwin_x86_64-gcc3/zh-CN/release-cck-mainOther-mozillaonline/Darwin%2018.2.0/MozillaOnline/2018.9/
redirector.gvt1.com	/edgedl/widevine-cdm/
r5---sn-q4fl6ne6.gvt1.com	/edgedl/widevine-cdm/
github.com	/knownsec/pocsuite3/ref-list/master/docs/
www.google-analytics.com	/r/
collector.githubapp.com	/github/
api.github.com	/_private/browser/
xz.aliyun.com	/static/js/
xz.aliyun.com	/static/icon/
xz.aliyun.com	/t/
xz.aliyun.com	/static/editor.md/
xz.aliyun.com	/static/plugins/modal/
xz.aliyun.com	/static/plugins/fancybox/
xz.aliyun.com	/static/plugins/toc/
g.alicdn.com	/sd/ncpc/
git.vidar.club	/vendor/plugins/promise-polyfill/
git.vidar.club	/vendor/plugins/cssrelpreload/
git.vidar.club	/vendor/plugins/jquery/
git.vidar.club	/vendor/plugins/jquery.areyousure/
git.vidar.club	/vendor/plugins/emojify/
git.vidar.club	/vendor/plugins/clipboard/
git.vidar.club	/vendor/plugins/vue/
git.vidar.club	/vendor/plugins/semantic/
git.vidar.club	/js/
git.vidar.club	/vendor/assets/octicons/
git.vidar.club	/vendor/assets/lato-fonts/
git.vidar.club	/vendor/plugins/semantic/themes/default/assets/fonts/
git.vidar.club	/vendor/plugins/dropzone/
git.vidar.club	/vendor/plugins/gitgraph/
git.vidar.club	/vendor/plugins/jquery.datetimepicker/
git.vidar.club	/vendor/plugins/highlight/
git.vidar.club	/vendor/plugins/jquery.minicolors/
git.vidar.club	/vendor/plugins/codemirror/addon/mode/
git.vidar.club	/vendor/plugins/codemirror/mode/
git.vidar.club	/vendor/plugins/simplemde/
git.vidar.club	/user/
git.vidar.club	/avatars/
git.vidar.club	/vendor/plugins/moment/
git.vidar.club	/vendor/plugins/vue-calendar-heatmap/
secure.gravatar.com	/avatar/
git.vidar.club	/api/v1/users/ckj123/
git.vidar.club	/api/v1/repos/
lastpass.com	/lastpass/
git.vidar.club	/user/settings/
translate.google.cn	/translate_a/
git.vidar.club	/devops/
git.vidar.club	/hgame2019/
git.vidar.club	/hgame2019/Web_Challenges/src/branch/master/
github.githubassets.com	/assets/
ecs.console.aliyun.com	/vnc/
account.aliyun.com	/login/
g.alicdn.com	/aliyun/account/1.5.4/js/
g.alicdn.com	/aliyun/static/0.0.4/
g.alicdn.com	/vip/havana-login/0.2.6/js/
www.aliyun.com	/rgn/
assets.alicdn.com	/g/security/umscript/2.0.7/
g.alicdn.com	/aliyun/account/1.5.4/js/login/
g.alicdn.com	/kissy/k/1.4.4/
g.alicdn.com	/alilog/mlog/
g.alicdn.com	/ali-mod/
g.alicdn.com	/alilog/
promotion.aliyun.com	/user/
query.aliyun.com	/rest/
www.aliyun.com	/lego/xiaoyun/
www.aliyun.com	/lego/2017/
www.aliyun.com	/lego/individuation/footer/
www.aliyun.com	/lego/
g.alicdn.com	/secdev/entry/
g.alicdn.com	/ali-mod/login-banner-2017/0.0.12/
ynuf.alipay.com	/service/
g.alicdn.com	/ali-mod/aliyun-common-xiaoyun-2017/0.0.87/
g.alicdn.com	/ali-mod/aliyun-common-xiaoyun-qrqm/0.0.7/
g.alicdn.com	/ali-mod/aliyun-commonfooter-qrqm-95187/0.0.3/
g.alicdn.com	/ali-mod/www-aliyun-xiaoyun-recommond/0.0.14/
g.alicdn.com	/ali-mod/aliyun-common-icon/0.0.7/
g.alicdn.com	/secdev/sufei_data/3.6.12/
g.alicdn.com	/secdev/nsv/1.0.52/
g.alicdn.com	/aliyun/util/1.0.27/
page.aliyun.com	/user/
img.alicdn.com	/tps/
g.alicdn.com	/vip/havana-nlogin/0.1.0/
g.alicdn.com	/AWSC/AWSC/
g.alicdn.com	/security/umscript/3.3.35/
g.alicdn.com	/sd/sufei/0.3.112/app/common/
cf.aliyun.com	/nocaptcha/
g.alicdn.com	/AWSC/uab/
g.alicdn.com	/alilog/oneplus/
g.alicdn.com	/aliyun/www-dpl/0.7.23/knight/js/
oneid.mmstat.com	/taobao/
ynuf.aliapp.org	/service/
passport.aliyun.com	/newlogin/account/
passport.aliyun.com	/newlogin/
login.taobao.com	/member/
account.aliyun.com	/account_init/
account-cn.alibabacloud.com	/jump/
account.aliyun.com	/jump/
account.aliyun.com	/scripts/
g.alicdn.com	/secdev/nsv/1.0.58/
ad.wappalyzer.com	/log/wp/
www.aliyun.com	/notfound/
g.alicdn.com	/aliyun/ecs2/2.37.13/vnc/include/
uaction.alicdn.com	/js/
s.tbcdn.cn	/g/security/umscript/2.0.2/
g.alicdn.com	/aliyun/console/1.5.24/vendor/zeroclipboard/
g.alicdn.com	/aliyun/ecs2/2.37.13/scripts/nls/
g.alicdn.com	/aliyun/console/1.5.24/vendor/requirejs/
g.alicdn.com	/aliyun/ecs2/2.37.13/scripts/vnc/
uaction.alicdn.com	/AWSC/uab/
g.alicdn.com	/aliyun/console/1.5.24/styles/images/
ecs.console.aliyun.com	/instance/vnc/
sz01-vncproxy.aliyun.com	/websockify/
g.alicdn.com	/aliyun/console/1.5.24/styles/fonts/
