lp-push-server-852.lastpass.com	e34f534d1f93608c29531d798e4899e0f053c9b421fcd0022ad64b17b86485af
download.api.bsb.baidu.com	downloads
download.api.bsb.baidu.com	cache
easylist-downloads.adblockplus.org	abp-filters-anti-cv.txt
pollserver.lastpass.com	poll_server.php
xz.aliyun.com	4384
g.alicdn.com	nc.js
s11.cnzz.com	z_stat.php
xz.aliyun.com	prettify.min.js
xz.aliyun.com	marked.min.js
xz.aliyun.com	modal.min.js
xz.aliyun.com	jquery.fancybox.min.js
xz.aliyun.com	toc.min.js
xz.aliyun.com	jquery.toc.min.js
xz.aliyun.com	jquery-2.1.3.min.js
xz.aliyun.com	dt.js
xz.aliyun.com	bootstrap.min.js
xz.aliyun.com	xz.js
xz.aliyun.com	ncp.js
xz.aliyun.com	flowchart.min.js
xz.aliyun.com	sequence-diagram.min.js
xz.aliyun.com	underscore.min.js
xz.aliyun.com	raphael.min.js
xz.aliyun.com	editor-settings.js
xz.aliyun.com	jquery.flowchart.min.js
xz.aliyun.com	editormd.min.js
xz.aliyun.com	report-csp
c.cnzz.com	core.php
xz.aliyun.com	xianzhi-brand.svg
g.alicdn.com	awsc.js
g.alicdn.com	um.js
z13.cnzz.com	stat.htm
cf.aliyun.com	initialize.jsonp
xz.aliyun.com	codemirror.min.js
xz.aliyun.com	modes.min.js
g.alicdn.com	115.js
xz.aliyun.com	addons.min.js
ynuf.aliapp.org	um.json
safebrowsing.googleapis.com	threatListUpdates:fetch
www.baidu.com	baidu
sp0.baidu.com	su
www.baidu.com	personalcontent
www.baidu.com	s
sp3.baidu.com	ps_fp.htm
ss0.baidu.com	u=2317306128,2471270888&fm=85&s=B81661955E531CCA1B1074CB030030F1
cambrian-images.cdn.bcebos.com	9ca95092ccbdb53a72dba932ea54e968_1585039594193679.jpeg@w_100,h_100
cambrian-images.cdn.bcebos.com	a921258692238d1ee479f313649adbfb_1621603204152323.jpeg@w_100,h_100
sp2.baidu.com	link
www.baidu.com	link
blog.csdn.net	79786187
blog.csdn.net	robots.txt
blog.csdn.net	sw.js
csdnimg.cn	jquery-1.9.1.min.js
csdnimg.cn	main-1.0.6.js
g.csdnimg.cn	fixed-sidebar.js
g.csdnimg.cn	track.js
csdnimg.cn	content_toolbar.js
csdnimg.cn	indexSuperise.js
g.csdnimg.cn	copyright.js
g.csdnimg.cn	baidu-search.js
shared.ydstatic.com	stream.js
gh.bdstatic.com	bword.min.js
csdnimg.cn	publib_footer-1.0.3.js
csdnimg.cn	paging.js
csdnimg.cn	sandalstrap.min.js
csdnimg.cn	goTop-v1.0.min.js
g.csdnimg.cn	notify.js
g.csdnimg.cn	main.js
pv.csdn.net	csdnbi
hm.baidu.com	hm.js
csdnimg.cn	chart.min.js
csdnimg.cn	widget2chart.js
csdnimg.cn	pc_wap_common-98040b5dc6.js
csdnimg.cn	common-54efcefd0c.min.js
csdnimg.cn	detail-88e152fce1.min.js
csdnimg.cn	skin-yellow-fc7383b956.min.js
csdnimg.cn	MathJax.js
csdnimg.cn	iconfont.js
msg.csdn.net	view
gw.csdn.net	save_browse_info
img1.tuicool.com	VZ7RVzj.jpg!web
img2.tuicool.com	UN3i2iu.jpg!web
shared.ydstatic.com	1.1.3.js
csdnimg.cn	share.js
gsp0.baidu.com	apiaccept
csdnimg.cn	TeX-AMS-MML_HTMLorMML.js
entry.baidu.com	bwordcom
csdnimg.cn	favicon.ico
csdnimg.cn	baidu_opensug-1.0.0.js
csdnimg.cn	share_api.js
csdnimg.cn	share_view.js
my.csdn.net	zhangmiaoping23
csdnimg.cn	tangram.js
csdnimg.cn	api_base.js
csdnimg.cn	view_base.js
gsp0.baidu.com	apisearch
zhannei-dm.csdn.net	baidu_zhannei_search
csdnimg.cn	partners.js
re.csdn.net	csdnbi
csdnimg.cn	logger.js
ke.youdao.com	robots.txt
lp-push-server-852.lastpass.com	e34f534d1f93608c29531d798e4899e0f053c9b421fcd0022ad64b17b86485af
download.api.bsb.baidu.com	downloads
download.api.bsb.baidu.com	cache
easylist-downloads.adblockplus.org	abp-filters-anti-cv.txt
pollserver.lastpass.com	poll_server.php
xz.aliyun.com	4384
g.alicdn.com	nc.js
s11.cnzz.com	z_stat.php
xz.aliyun.com	prettify.min.js
xz.aliyun.com	marked.min.js
xz.aliyun.com	modal.min.js
xz.aliyun.com	jquery.fancybox.min.js
xz.aliyun.com	toc.min.js
xz.aliyun.com	jquery.toc.min.js
xz.aliyun.com	jquery-2.1.3.min.js
xz.aliyun.com	dt.js
xz.aliyun.com	bootstrap.min.js
xz.aliyun.com	xz.js
xz.aliyun.com	ncp.js
xz.aliyun.com	flowchart.min.js
xz.aliyun.com	sequence-diagram.min.js
xz.aliyun.com	underscore.min.js
xz.aliyun.com	raphael.min.js
xz.aliyun.com	editor-settings.js
xz.aliyun.com	jquery.flowchart.min.js
xz.aliyun.com	editormd.min.js
xz.aliyun.com	report-csp
c.cnzz.com	core.php
xz.aliyun.com	xianzhi-brand.svg
g.alicdn.com	awsc.js
g.alicdn.com	um.js
z13.cnzz.com	stat.htm
cf.aliyun.com	initialize.jsonp
xz.aliyun.com	codemirror.min.js
xz.aliyun.com	modes.min.js
g.alicdn.com	115.js
xz.aliyun.com	addons.min.js
ynuf.aliapp.org	um.json
safebrowsing.googleapis.com	threatListUpdates:fetch
www.baidu.com	baidu
sp0.baidu.com	su
www.baidu.com	personalcontent
www.baidu.com	s
sp3.baidu.com	ps_fp.htm
ss0.baidu.com	u=2317306128,2471270888&fm=85&s=B81661955E531CCA1B1074CB030030F1
cambrian-images.cdn.bcebos.com	9ca95092ccbdb53a72dba932ea54e968_1585039594193679.jpeg@w_100,h_100
cambrian-images.cdn.bcebos.com	a921258692238d1ee479f313649adbfb_1621603204152323.jpeg@w_100,h_100
sp2.baidu.com	link
www.baidu.com	link
blog.csdn.net	79786187
blog.csdn.net	robots.txt
blog.csdn.net	sw.js
csdnimg.cn	jquery-1.9.1.min.js
csdnimg.cn	main-1.0.6.js
g.csdnimg.cn	fixed-sidebar.js
g.csdnimg.cn	track.js
csdnimg.cn	content_toolbar.js
csdnimg.cn	indexSuperise.js
g.csdnimg.cn	copyright.js
g.csdnimg.cn	baidu-search.js
shared.ydstatic.com	stream.js
gh.bdstatic.com	bword.min.js
csdnimg.cn	publib_footer-1.0.3.js
csdnimg.cn	paging.js
csdnimg.cn	sandalstrap.min.js
csdnimg.cn	goTop-v1.0.min.js
g.csdnimg.cn	notify.js
g.csdnimg.cn	main.js
pv.csdn.net	csdnbi
hm.baidu.com	hm.js
csdnimg.cn	chart.min.js
csdnimg.cn	widget2chart.js
csdnimg.cn	pc_wap_common-98040b5dc6.js
csdnimg.cn	common-54efcefd0c.min.js
csdnimg.cn	detail-88e152fce1.min.js
csdnimg.cn	skin-yellow-fc7383b956.min.js
csdnimg.cn	MathJax.js
csdnimg.cn	iconfont.js
msg.csdn.net	view
gw.csdn.net	save_browse_info
img1.tuicool.com	VZ7RVzj.jpg!web
img2.tuicool.com	UN3i2iu.jpg!web
shared.ydstatic.com	1.1.3.js
csdnimg.cn	share.js
gsp0.baidu.com	apiaccept
csdnimg.cn	TeX-AMS-MML_HTMLorMML.js
entry.baidu.com	bwordcom
csdnimg.cn	favicon.ico
csdnimg.cn	baidu_opensug-1.0.0.js
csdnimg.cn	share_api.js
csdnimg.cn	share_view.js
my.csdn.net	zhangmiaoping23
csdnimg.cn	tangram.js
csdnimg.cn	api_base.js
csdnimg.cn	view_base.js
gsp0.baidu.com	apisearch
zhannei-dm.csdn.net	baidu_zhannei_search
csdnimg.cn	partners.js
re.csdn.net	csdnbi
csdnimg.cn	logger.js
ke.youdao.com	robots.txt
