lp-push-server-852.lastpass.com	e34f534d1f93608c29531d798e4899e0f053c9b421fcd0022ad64b17b86485af
download.api.bsb.baidu.com	downloads
download.api.bsb.baidu.com	cache
easylist-downloads.adblockplus.org	abp-filters-anti-cv.txt
pollserver.lastpass.com	poll_server.php
xz.aliyun.com	4384
g.alicdn.com	nc.js
s11.cnzz.com	z_stat.php
xz.aliyun.com	prettify.min.js
xz.aliyun.com	marked.min.js
xz.aliyun.com	modal.min.js
xz.aliyun.com	jquery.fancybox.min.js
xz.aliyun.com	toc.min.js
xz.aliyun.com	jquery.toc.min.js
xz.aliyun.com	jquery-2.1.3.min.js
xz.aliyun.com	dt.js
xz.aliyun.com	bootstrap.min.js
xz.aliyun.com	xz.js
xz.aliyun.com	ncp.js
xz.aliyun.com	flowchart.min.js
xz.aliyun.com	sequence-diagram.min.js
xz.aliyun.com	underscore.min.js
xz.aliyun.com	raphael.min.js
xz.aliyun.com	editor-settings.js
xz.aliyun.com	jquery.flowchart.min.js
xz.aliyun.com	editormd.min.js
xz.aliyun.com	report-csp
c.cnzz.com	core.php
xz.aliyun.com	xianzhi-brand.svg
g.alicdn.com	awsc.js
g.alicdn.com	um.js
z13.cnzz.com	stat.htm
cf.aliyun.com	initialize.jsonp
xz.aliyun.com	codemirror.min.js
xz.aliyun.com	modes.min.js
g.alicdn.com	115.js
xz.aliyun.com	addons.min.js
ynuf.aliapp.org	um.json
safebrowsing.googleapis.com	threatListUpdates:fetch
lp-push-server-852.lastpass.com	e34f534d1f93608c29531d798e4899e0f053c9b421fcd0022ad64b17b86485af
download.api.bsb.baidu.com	downloads
download.api.bsb.baidu.com	cache
easylist-downloads.adblockplus.org	abp-filters-anti-cv.txt
pollserver.lastpass.com	poll_server.php
xz.aliyun.com	4384
g.alicdn.com	nc.js
s11.cnzz.com	z_stat.php
xz.aliyun.com	prettify.min.js
xz.aliyun.com	marked.min.js
xz.aliyun.com	modal.min.js
xz.aliyun.com	jquery.fancybox.min.js
xz.aliyun.com	toc.min.js
xz.aliyun.com	jquery.toc.min.js
xz.aliyun.com	jquery-2.1.3.min.js
xz.aliyun.com	dt.js
xz.aliyun.com	bootstrap.min.js
xz.aliyun.com	xz.js
xz.aliyun.com	ncp.js
xz.aliyun.com	flowchart.min.js
xz.aliyun.com	sequence-diagram.min.js
xz.aliyun.com	underscore.min.js
xz.aliyun.com	raphael.min.js
xz.aliyun.com	editor-settings.js
xz.aliyun.com	jquery.flowchart.min.js
xz.aliyun.com	editormd.min.js
xz.aliyun.com	report-csp
c.cnzz.com	core.php
xz.aliyun.com	xianzhi-brand.svg
g.alicdn.com	awsc.js
g.alicdn.com	um.js
z13.cnzz.com	stat.htm
cf.aliyun.com	initialize.jsonp
xz.aliyun.com	codemirror.min.js
xz.aliyun.com	modes.min.js
g.alicdn.com	115.js
xz.aliyun.com	addons.min.js
ynuf.aliapp.org	um.json
safebrowsing.googleapis.com	threatListUpdates:fetch
lp-push-server-852.lastpass.com	e34f534d1f93608c29531d798e4899e0f053c9b421fcd0022ad64b17b86485af
download.api.bsb.baidu.com	downloads
download.api.bsb.baidu.com	cache
easylist-downloads.adblockplus.org	abp-filters-anti-cv.txt
pollserver.lastpass.com	poll_server.php
xz.aliyun.com	4384
g.alicdn.com	nc.js
s11.cnzz.com	z_stat.php
xz.aliyun.com	prettify.min.js
xz.aliyun.com	marked.min.js
xz.aliyun.com	modal.min.js
xz.aliyun.com	jquery.fancybox.min.js
xz.aliyun.com	toc.min.js
xz.aliyun.com	jquery.toc.min.js
xz.aliyun.com	jquery-2.1.3.min.js
xz.aliyun.com	dt.js
xz.aliyun.com	bootstrap.min.js
xz.aliyun.com	xz.js
xz.aliyun.com	ncp.js
xz.aliyun.com	flowchart.min.js
xz.aliyun.com	sequence-diagram.min.js
xz.aliyun.com	underscore.min.js
xz.aliyun.com	raphael.min.js
xz.aliyun.com	editor-settings.js
xz.aliyun.com	jquery.flowchart.min.js
xz.aliyun.com	editormd.min.js
xz.aliyun.com	report-csp
c.cnzz.com	core.php
xz.aliyun.com	xianzhi-brand.svg
g.alicdn.com	awsc.js
g.alicdn.com	um.js
z13.cnzz.com	stat.htm
cf.aliyun.com	initialize.jsonp
xz.aliyun.com	codemirror.min.js
xz.aliyun.com	modes.min.js
g.alicdn.com	115.js
xz.aliyun.com	addons.min.js
ynuf.aliapp.org	um.json
safebrowsing.googleapis.com	threatListUpdates:fetch
