lp-push-server-852.lastpass.com	e34f534d1f93608c29531d798e4899e0f053c9b421fcd0022ad64b17b86485af
pollserver.lastpass.com	poll_server.php
safebrowsing.googleapis.com	threatListUpdates:fetch
download.api.bsb.baidu.com	downloads
download.api.bsb.baidu.com	cache
wpad	wpad.dat
aus5.mozilla.org	update.xml
easylist-downloads.adblockplus.org	easylistchina+easylist.txt
easylist-downloads.adblockplus.org	exceptionrules.txt
notification.adblockplus.org	notification.json
incoming.telemetry.mozilla.org	20190211233335
versioncheck-bg.addons.mozilla.org	VersionCheck.php
ciscobinary.openh264.org	openh264-macosx64-0410d336bb748149a4f560eb6108090f078254b1.zip
redirector.gvt1.com	4.10.1196.0-mac-x64.zip
r5---sn-q4fl6ne6.gvt1.com	4.10.1196.0-mac-x64.zip
github.com	CODING.md
www.google-analytics.com	collect
collector.githubapp.com	page_view
api.github.com	stats
xz.aliyun.com	jquery-2.1.3.min.js
xz.aliyun.com	bootstrap.min.js
xz.aliyun.com	xz.js
xz.aliyun.com	xianzhi-brand.svg
s11.cnzz.com	z_stat.php
xz.aliyun.com	report-csp
c.cnzz.com	core.php
z13.cnzz.com	stat.htm
xz.aliyun.com	4384
xz.aliyun.com	editormd.min.js
xz.aliyun.com	modal.min.js
xz.aliyun.com	jquery.fancybox.min.js
xz.aliyun.com	toc.min.js
xz.aliyun.com	jquery.toc.min.js
xz.aliyun.com	dt.js
g.alicdn.com	nc.js
git.vidar.club	hgame2019
git.vidar.club	robots.txt
git.vidar.club	polyfill.min.js
git.vidar.club	loadCSS.min.js
git.vidar.club	cssrelpreload.min.js
git.vidar.club	jquery.min.js
git.vidar.club	jquery.are-you-sure.js
git.vidar.club	emojify.min.js
git.vidar.club	clipboard.min.js
git.vidar.club	vue.min.js
git.vidar.club	semantic.min.js
git.vidar.club	index.js
git.vidar.club	octicons.woff2
git.vidar.club	lato-v14-latin-regular.woff2
git.vidar.club	icons.woff2
git.vidar.club	lato-v14-latin-700.woff2
git.vidar.club	serviceworker.js
git.vidar.club	draw.js
git.vidar.club	dropzone.js
git.vidar.club	gitgraph.js
git.vidar.club	jquery.datetimepicker.js
git.vidar.club	highlight.pack.js
git.vidar.club	jquery.minicolors.min.js
git.vidar.club	loadmode.js
git.vidar.club	meta.js
git.vidar.club	simplemde.min.js
git.vidar.club	devops
git.vidar.club	login
git.vidar.club	d467437bae24824af1c144e0c4d9a640
git.vidar.club	a25b31405b359cf47ea2b0ba8d60052f
git.vidar.club	a5762606160aa181ee7770aca6787485
git.vidar.club	moment.min.js
git.vidar.club	vue-calendar-heatmap.browser.js
secure.gravatar.com	98598f630739af76695945173fd97709
secure.gravatar.com	756e0e2b84da43542b1f5755d63cebdf
secure.gravatar.com	7ce72dec0cf9796d7a8d5b3528399576
secure.gravatar.com	f3af04c56604118df0ee795422731011
git.vidar.club	lato-v14-latin-italic.woff2
git.vidar.club	heatmap
git.vidar.club	search
lastpass.com	api.php
lastpass.com	deliver_and_add.php
lastpass.com	geticon.php
git.vidar.club	issues
git.vidar.club	notifications
git.vidar.club	23
git.vidar.club	settings
git.vidar.club	account
loglogin.lastpass.com	loglogin.php
git.vidar.club	03e90739e2e088638c7fd5651598ed9c
translate.google.cn	single
git.vidar.club	server_list
git.vidar.club	outline-icons.woff2
git.vidar.club	favicon.ico
git.vidar.club	caddy
git.vidar.club	pulls
secure.gravatar.com	0c101881339bb4e5a2f24682a53a2873
git.vidar.club	Web_Challenges
secure.gravatar.com	114b62615330e9fa8cce0fb176ae37f6
git.vidar.club	week3_BasicPentest
www.baidu.com	su
github.githubassets.com	frameworks-a72a40ad.js
github.githubassets.com	github-bootstrap-77d0fcb0.js
collector.githubapp.com	collect
ecs.console.aliyun.com	robots.txt
ecs.console.aliyun.com	index.htm
account.aliyun.com	login.htm
account.aliyun.com	robots.txt
account.aliyun.com	check_cookie
g.alicdn.com	jQuery1.9.0.js
g.alicdn.com	retcode.js
g.alicdn.com	mini-login-embedder-min.js
www.aliyun.com	aliyun_assets
www.aliyun.com	aliyun_footer
assets.alicdn.com	um.js
g.alicdn.com	login.js
g.alicdn.com	seed-min.js
g.alicdn.com	aplus_v2.js
promotion.aliyun.com	accountInfo.htm
passport.aliyun.com	mini_login.htm
query.aliyun.com	delivery.service.engine
www.aliyun.com	combine
www.aliyun.com	login
www.aliyun.com	95187
www.aliyun.com	icon
account-cn.alibabacloud.com	ping_servlet
jump.alibaba.com	jump
g.alicdn.com	index.js
ynuf.alipay.com	um.json
log.mmstat.com	eg.js
g.alicdn.com	ns_b_63_3_n.js
g.alicdn.com	init.js
pass.aliyun.com	add
query.aliyun.com	phoneUrl.linkCheck
oa-panther.data.aliyun.com	get_creative_aliyun
page.aliyun.com	identify
query.aliyun.com	aliyun-config.ace-services-module-list
img.alicdn.com	TB1HwXxLpXXXXchapXXXXXXXXXX-32-32.ico
g.alicdn.com	awsc.js
g.alicdn.com	um.js
g.alicdn.com	sufei-seed.js
cf.aliyun.com	initialize.jsonp
g.alicdn.com	115.js
g.alicdn.com	entry.js
g.alicdn.com	data-statistics.js
g.alicdn.com	blk.html
oneid.mmstat.com	img
ynuf.aliapp.org	um.json
passport.aliyun.com	check.do
passport.aliyun.com	login.do
gm.mmstat.com	havana-minilogin.hvn_minilogin_page.submit_btn
login.taobao.com	vst.htm
account.aliyun.com	login_aliyun.htm
account.aliyun.com	init.htm
account-cn.alibabacloud.com	jump_universal.htm
account.aliyun.com	jump_universal.htm
account.aliyun.com	jquery-1.5.2.min.js
g.alicdn.com	ns_b_69_3_n.js
g.alicdn.com	des.js
g.alicdn.com	websock.js
g.alicdn.com	md5.js
g.alicdn.com	util.js
g.alicdn.com	webutil.js
g.alicdn.com	base64.js
uaction.alicdn.com	uab.js
s.tbcdn.cn	um.js
g.alicdn.com	keysymdef.js
g.alicdn.com	display.js
g.alicdn.com	keyboard.js
g.alicdn.com	input.js
g.alicdn.com	jsunzip.js
g.alicdn.com	rfb.js
g.alicdn.com	ZeroClipboard.min.js
g.alicdn.com	messages.js
g.alicdn.com	require.js
g.alicdn.com	ecsVncConsole.js
uaction.alicdn.com	115.js
g.alicdn.com	aplus_int.js
g.alicdn.com	favicon.ico
ecs.console.aliyun.com	auth.json
ecs.console.aliyun.com	getVncUrl.json
gj.mmstat.com	eg.js
ecs.console.aliyun.com	favicon.ico
g.alicdn.com	aliyun-console-font.ttf
